<?xml version="1.0" encoding="UTF-8"?>
<testng-results total="1" passed="1" failed="0" skipped="0">
  <reporter-output>
  </reporter-output>
  <suite started-at="2023-05-11T20:32:58Z" name="test.com.mycompany.FacebookTest" finished-at="2023-05-11T20:33:00Z" duration-ms="2244">
    <groups>
    </groups>
    <test started-at="2023-05-11T20:32:58Z" name="Command line test" finished-at="2023-05-11T20:33:00Z" duration-ms="2244">
      <class name="test.com.mycompany.FacebookTest">
        <test-method is-config="true" signature="setUpClass()[pri:0, instance:test.com.mycompany.FacebookTest@687080dc]" started-at="2023-05-11T15:32:58Z" name="setUpClass" finished-at="2023-05-11T15:32:58Z" duration-ms="6" status="PASS">
          <reporter-output>
          </reporter-output>
        </test-method> <!-- setUpClass -->
        <test-method is-config="true" signature="setUpMethod()[pri:0, instance:test.com.mycompany.FacebookTest@687080dc]" started-at="2023-05-11T15:32:58Z" name="setUpMethod" finished-at="2023-05-11T15:32:59Z" duration-ms="1126" status="PASS">
          <reporter-output>
          </reporter-output>
        </test-method> <!-- setUpMethod -->
        <test-method signature="testFacebook()[pri:0, instance:test.com.mycompany.FacebookTest@687080dc]" started-at="2023-05-11T15:32:59Z" name="testFacebook" finished-at="2023-05-11T15:33:00Z" duration-ms="995" status="PASS">
          <reporter-output>
          </reporter-output>
        </test-method> <!-- testFacebook -->
        <test-method is-config="true" signature="tearDownMethod()[pri:0, instance:test.com.mycompany.FacebookTest@687080dc]" started-at="2023-05-11T15:33:00Z" name="tearDownMethod" finished-at="2023-05-11T15:33:00Z" duration-ms="111" status="PASS">
          <reporter-output>
          </reporter-output>
        </test-method> <!-- tearDownMethod -->
        <test-method is-config="true" signature="tearDownClass()[pri:0, instance:test.com.mycompany.FacebookTest@687080dc]" started-at="2023-05-11T15:33:00Z" name="tearDownClass" finished-at="2023-05-11T15:33:00Z" duration-ms="0" status="PASS">
          <reporter-output>
          </reporter-output>
        </test-method> <!-- tearDownClass -->
      </class> <!-- test.com.mycompany.FacebookTest -->
    </test> <!-- Command line test -->
  </suite> <!-- test.com.mycompany.FacebookTest -->
</testng-results>
